[22864, 0]: 
 WP trigger did not match any known active WP

[22864, 0]: 
 WP trigger did not match any known active WP

[22864, 0]: 
 WP trigger did not match any known active WP

[22864, 0]: -- begin new backtrace (innermost first) [PARTIAL] ----------
[22864, 0]: NULL (0): ip = 0x7f331d7ceb40 (0x1bb40), load module = /home/msasongko17/project/feather-project/openmpi_bin/lib/pmix/mca_ptl_usock.so | lip 
[22864, 0]: NULL (0): ip = 0x7f331d7c49c4 (0x119c4), load module = /home/msasongko17/project/feather-project/openmpi_bin/lib/pmix/mca_ptl_usock.so | lip 
[22864, 0]: NULL (0): ip = 0x7f331d7bcfe1 (0x9fe1), load module = /home/msasongko17/project/feather-project/openmpi_bin/lib/pmix/mca_ptl_usock.so | lip 
[22864, 0]: NULL (0): ip = 0x7f331d7bdb1f (0xab1f), load module = /home/msasongko17/project/feather-project/openmpi_bin/lib/pmix/mca_ptl_usock.so | lip 
[22864, 0]: NULL (0): ip = 0x7f331d7c2ac6 (0xfac6), load module = /home/msasongko17/project/feather-project/openmpi_bin/lib/pmix/mca_ptl_usock.so | lip 
[22864, 0]: NULL (0): ip = 0x7f331d7ca923 (0x17923), load module = /home/msasongko17/project/feather-project/openmpi_bin/lib/pmix/mca_ptl_usock.so | lip 
[22864, 0]: NULL (0): ip = 0x889b3c867d651600 (0x889b3c867d651600), load module = (null) | lip 
[22864, 0]: -- end backtrace ------------------------------------

[22864, 0]: -- begin new backtrace (innermost first) [PARTIAL] ----------
[22864, 0]: NULL (0): ip = 0x7f331d7c4980 (0x11980), load module = /home/msasongko17/project/feather-project/openmpi_bin/lib/pmix/mca_ptl_usock.so | lip 
[22864, 0]: NULL (0): ip = 0x7f331d7bcfe1 (0x9fe1), load module = /home/msasongko17/project/feather-project/openmpi_bin/lib/pmix/mca_ptl_usock.so | lip 
[22864, 0]: NULL (0): ip = 0x7f331d7bdb1f (0xab1f), load module = /home/msasongko17/project/feather-project/openmpi_bin/lib/pmix/mca_ptl_usock.so | lip 
[22864, 0]: NULL (0): ip = 0x7f331d7c2ac6 (0xfac6), load module = /home/msasongko17/project/feather-project/openmpi_bin/lib/pmix/mca_ptl_usock.so | lip 
[22864, 0]: NULL (0): ip = 0x7f331d7ca923 (0x17923), load module = /home/msasongko17/project/feather-project/openmpi_bin/lib/pmix/mca_ptl_usock.so | lip 
[22864, 0]: NULL (0): ip = 0x889b3c867d651600 (0x889b3c867d651600), load module = (null) | lip 
[22864, 0]: -- end backtrace ------------------------------------

[22864, 0]: -- begin new backtrace (innermost first) [PARTIAL] ----------
[22864, 0]: NULL (0): ip = 0x7f331d7bda4e (0xaa4e), load module = /home/msasongko17/project/feather-project/openmpi_bin/lib/pmix/mca_ptl_usock.so | lip 
[22864, 0]: NULL (0): ip = 0x7f331d7c2ac6 (0xfac6), load module = /home/msasongko17/project/feather-project/openmpi_bin/lib/pmix/mca_ptl_usock.so | lip 
[22864, 0]: NULL (0): ip = 0x7f331d7ca923 (0x17923), load module = /home/msasongko17/project/feather-project/openmpi_bin/lib/pmix/mca_ptl_usock.so | lip 
[22864, 0]: NULL (0): ip = 0x498ccd (0x498ccd), load module = /home/msasongko17/project/feather-project/openmpi_bin/lib/openmpi/mca_shmem_sysv.so | lip 
[22864, 0]: NULL (0): ip = 0x7f3310cfa830 (0x20830), load module = /home/msasongko17/project/feather-project/openmpi_bin/lib/openmpi/mca_schizo_slurm.so | lip 
[22864, 0]: NULL (0): ip = 0x7f3311b12642 (0xd642), load module = /home/msasongko17/project/feather-project/openmpi_bin/lib/openmpi/mca_shmem_posix.so | lip 
[22864, 0]: NULL (0): ip = 0x4036f9 (0x4036f9), load module = /home/msasongko17/project/feather-project/openmpi_bin/lib/openmpi/mca_shmem_sysv.so | lip 
[22864, 0]: NULL (0): ip = 0x0 (0x0), load module = (null) | lip 
[22864, 0]: -- end backtrace ------------------------------------

[22864, 0]: -- begin new backtrace (innermost first) [PARTIAL] ----------
[22864, 0]: NULL (0): ip = 0x7f331d7bcf8f (0x9f8f), load module = /home/msasongko17/project/feather-project/openmpi_bin/lib/pmix/mca_ptl_usock.so | lip 
[22864, 0]: NULL (0): ip = 0x7f331d7bdb1f (0xab1f), load module = /home/msasongko17/project/feather-project/openmpi_bin/lib/pmix/mca_ptl_usock.so | lip 
[22864, 0]: NULL (0): ip = 0x7f331d7c2ac6 (0xfac6), load module = /home/msasongko17/project/feather-project/openmpi_bin/lib/pmix/mca_ptl_usock.so | lip 
[22864, 0]: NULL (0): ip = 0x7f331d7ca923 (0x17923), load module = /home/msasongko17/project/feather-project/openmpi_bin/lib/pmix/mca_ptl_usock.so | lip 
[22864, 0]: NULL (0): ip = 0x257d330 (0x257d330), load module = (null) | lip 
[22864, 0]: -- end backtrace ------------------------------------

[22864, 0]: -- begin new backtrace (innermost first) [PARTIAL] ----------
[22864, 0]: NULL (0): ip = 0x7f331d7bd065 (0xa065), load module = /home/msasongko17/project/feather-project/openmpi_bin/lib/pmix/mca_ptl_usock.so | lip 
[22864, 0]: NULL (0): ip = 0x7f331d7bdb1f (0xab1f), load module = /home/msasongko17/project/feather-project/openmpi_bin/lib/pmix/mca_ptl_usock.so | lip 
[22864, 0]: NULL (0): ip = 0x7f331d7c2ac6 (0xfac6), load module = /home/msasongko17/project/feather-project/openmpi_bin/lib/pmix/mca_ptl_usock.so | lip 
[22864, 0]: NULL (0): ip = 0x7f331d7ca923 (0x17923), load module = /home/msasongko17/project/feather-project/openmpi_bin/lib/pmix/mca_ptl_usock.so | lip 
[22864, 0]: NULL (0): ip = 0x257d330 (0x257d330), load module = (null) | lip 
[22864, 0]: -- end backtrace ------------------------------------

[22864, 0]: -- begin new backtrace (innermost first) [PARTIAL] ----------
[22864, 0]: NULL (0): ip = 0x7f331d7bcf3f (0x9f3f), load module = /home/msasongko17/project/feather-project/openmpi_bin/lib/pmix/mca_ptl_usock.so | lip 
[22864, 0]: NULL (0): ip = 0x7f331d7bdb1f (0xab1f), load module = /home/msasongko17/project/feather-project/openmpi_bin/lib/pmix/mca_ptl_usock.so | lip 
[22864, 0]: NULL (0): ip = 0x7f331d7c2ac6 (0xfac6), load module = /home/msasongko17/project/feather-project/openmpi_bin/lib/pmix/mca_ptl_usock.so | lip 
[22864, 0]: NULL (0): ip = 0x7f331d7ca923 (0x17923), load module = /home/msasongko17/project/feather-project/openmpi_bin/lib/pmix/mca_ptl_usock.so | lip 
[22864, 0]: NULL (0): ip = 0x257d330 (0x257d330), load module = (null) | lip 
[22864, 0]: -- end backtrace ------------------------------------

[22864, 0]: -- begin new backtrace (innermost first) [PARTIAL] ----------
[22864, 0]: NULL (0): ip = 0x7f331d7bcf8f (0x9f8f), load module = /home/msasongko17/project/feather-project/openmpi_bin/lib/pmix/mca_ptl_usock.so | lip 
[22864, 0]: NULL (0): ip = 0x7f331d7bdb1f (0xab1f), load module = /home/msasongko17/project/feather-project/openmpi_bin/lib/pmix/mca_ptl_usock.so | lip 
[22864, 0]: NULL (0): ip = 0x7f331d7c2ac6 (0xfac6), load module = /home/msasongko17/project/feather-project/openmpi_bin/lib/pmix/mca_ptl_usock.so | lip 
[22864, 0]: NULL (0): ip = 0x7f331d7ca923 (0x17923), load module = /home/msasongko17/project/feather-project/openmpi_bin/lib/pmix/mca_ptl_usock.so | lip 
[22864, 0]: NULL (0): ip = 0x257d330 (0x257d330), load module = (null) | lip 
[22864, 0]: -- end backtrace ------------------------------------

[22864, 0]: -- begin new backtrace (innermost first) [PARTIAL] ----------
[22864, 0]: NULL (0): ip = 0x7f331d7bd57d (0xa57d), load module = /home/msasongko17/project/feather-project/openmpi_bin/lib/pmix/mca_ptl_usock.so | lip 
[22864, 0]: NULL (0): ip = 0x7f331d7bdb1f (0xab1f), load module = /home/msasongko17/project/feather-project/openmpi_bin/lib/pmix/mca_ptl_usock.so | lip 
[22864, 0]: NULL (0): ip = 0x7f331d7c2ac6 (0xfac6), load module = /home/msasongko17/project/feather-project/openmpi_bin/lib/pmix/mca_ptl_usock.so | lip 
[22864, 0]: NULL (0): ip = 0x7f331d7ca923 (0x17923), load module = /home/msasongko17/project/feather-project/openmpi_bin/lib/pmix/mca_ptl_usock.so | lip 
[22864, 0]: NULL (0): ip = 0x257d330 (0x257d330), load module = (null) | lip 
[22864, 0]: -- end backtrace ------------------------------------

[22864, 0]: -- begin new backtrace (innermost first) [PARTIAL] ----------
[22864, 0]: NULL (0): ip = 0x7f331d7bd57d (0xa57d), load module = /home/msasongko17/project/feather-project/openmpi_bin/lib/pmix/mca_ptl_usock.so | lip 
[22864, 0]: NULL (0): ip = 0x7f331d7bdb1f (0xab1f), load module = /home/msasongko17/project/feather-project/openmpi_bin/lib/pmix/mca_ptl_usock.so | lip 
[22864, 0]: NULL (0): ip = 0x7f331d7c2ac6 (0xfac6), load module = /home/msasongko17/project/feather-project/openmpi_bin/lib/pmix/mca_ptl_usock.so | lip 
[22864, 0]: NULL (0): ip = 0x7f331d7ca923 (0x17923), load module = /home/msasongko17/project/feather-project/openmpi_bin/lib/pmix/mca_ptl_usock.so | lip 
[22864, 0]: NULL (0): ip = 0x257d330 (0x257d330), load module = (null) | lip 
[22864, 0]: -- end backtrace ------------------------------------

[22864, 0]: -- begin new backtrace (innermost first) [PARTIAL] ----------
[22864, 0]: NULL (0): ip = 0x7f331d7bce8a (0x9e8a), load module = /home/msasongko17/project/feather-project/openmpi_bin/lib/pmix/mca_ptl_usock.so | lip 
[22864, 0]: NULL (0): ip = 0x7f331d7bdb1f (0xab1f), load module = /home/msasongko17/project/feather-project/openmpi_bin/lib/pmix/mca_ptl_usock.so | lip 
[22864, 0]: NULL (0): ip = 0x7f331d7c2ac6 (0xfac6), load module = /home/msasongko17/project/feather-project/openmpi_bin/lib/pmix/mca_ptl_usock.so | lip 
[22864, 0]: NULL (0): ip = 0x7f331d7ca923 (0x17923), load module = /home/msasongko17/project/feather-project/openmpi_bin/lib/pmix/mca_ptl_usock.so | lip 
[22864, 0]: NULL (0): ip = 0x889b3c867d651600 (0x889b3c867d651600), load module = (null) | lip 
[22864, 0]: -- end backtrace ------------------------------------

[22864, 0]: -- begin new backtrace (innermost first) [PARTIAL] ----------
[22864, 0]: NULL (0): ip = 0x7f331d7bce8a (0x9e8a), load module = /home/msasongko17/project/feather-project/openmpi_bin/lib/pmix/mca_ptl_usock.so | lip 
[22864, 0]: NULL (0): ip = 0x7f331d7bdb1f (0xab1f), load module = /home/msasongko17/project/feather-project/openmpi_bin/lib/pmix/mca_ptl_usock.so | lip 
[22864, 0]: NULL (0): ip = 0x7f331d7c2ac6 (0xfac6), load module = /home/msasongko17/project/feather-project/openmpi_bin/lib/pmix/mca_ptl_usock.so | lip 
[22864, 0]: NULL (0): ip = 0x7f331d7ca923 (0x17923), load module = /home/msasongko17/project/feather-project/openmpi_bin/lib/pmix/mca_ptl_usock.so | lip 
[22864, 0]: NULL (0): ip = 0x889b3c867d651600 (0x889b3c867d651600), load module = (null) | lip 
[22864, 0]: -- end backtrace ------------------------------------

[22864, 0]: -- begin new backtrace (innermost first) [PARTIAL] ----------
[22864, 0]: NULL (0): ip = 0x7f331d7bce8a (0x9e8a), load module = /home/msasongko17/project/feather-project/openmpi_bin/lib/pmix/mca_ptl_usock.so | lip 
[22864, 0]: NULL (0): ip = 0x7f331d7bdb1f (0xab1f), load module = /home/msasongko17/project/feather-project/openmpi_bin/lib/pmix/mca_ptl_usock.so | lip 
[22864, 0]: NULL (0): ip = 0x7f331d7c2ac6 (0xfac6), load module = /home/msasongko17/project/feather-project/openmpi_bin/lib/pmix/mca_ptl_usock.so | lip 
[22864, 0]: NULL (0): ip = 0x7f331d7ca923 (0x17923), load module = /home/msasongko17/project/feather-project/openmpi_bin/lib/pmix/mca_ptl_usock.so | lip 
[22864, 0]: NULL (0): ip = 0x889b3c867d651600 (0x889b3c867d651600), load module = (null) | lip 
[22864, 0]: -- end backtrace ------------------------------------

[22864, 0]: -- begin new backtrace (innermost first) [PARTIAL] ----------
[22864, 0]: NULL (0): ip = 0x7f331d7bce8a (0x9e8a), load module = /home/msasongko17/project/feather-project/openmpi_bin/lib/pmix/mca_ptl_usock.so | lip 
[22864, 0]: NULL (0): ip = 0x7f331d7bdb1f (0xab1f), load module = /home/msasongko17/project/feather-project/openmpi_bin/lib/pmix/mca_ptl_usock.so | lip 
[22864, 0]: NULL (0): ip = 0x7f331d7c2ac6 (0xfac6), load module = /home/msasongko17/project/feather-project/openmpi_bin/lib/pmix/mca_ptl_usock.so | lip 
[22864, 0]: NULL (0): ip = 0x7f331d7ca923 (0x17923), load module = /home/msasongko17/project/feather-project/openmpi_bin/lib/pmix/mca_ptl_usock.so | lip 
[22864, 0]: NULL (0): ip = 0x889b3c867d651600 (0x889b3c867d651600), load module = (null) | lip 
[22864, 0]: -- end backtrace ------------------------------------

[22864, 0]: -- begin new backtrace (innermost first) [PARTIAL] ----------
[22864, 0]: NULL (0): ip = 0x7f331d7bce8a (0x9e8a), load module = /home/msasongko17/project/feather-project/openmpi_bin/lib/pmix/mca_ptl_usock.so | lip 
[22864, 0]: NULL (0): ip = 0x7f331d7bdb1f (0xab1f), load module = /home/msasongko17/project/feather-project/openmpi_bin/lib/pmix/mca_ptl_usock.so | lip 
[22864, 0]: NULL (0): ip = 0x7f331d7c2ac6 (0xfac6), load module = /home/msasongko17/project/feather-project/openmpi_bin/lib/pmix/mca_ptl_usock.so | lip 
[22864, 0]: NULL (0): ip = 0x7f331d7ca923 (0x17923), load module = /home/msasongko17/project/feather-project/openmpi_bin/lib/pmix/mca_ptl_usock.so | lip 
[22864, 0]: NULL (0): ip = 0x889b3c867d651600 (0x889b3c867d651600), load module = (null) | lip 
[22864, 0]: -- end backtrace ------------------------------------

[22864, 0]: -- begin new backtrace (innermost first) [PARTIAL] ----------
[22864, 0]: NULL (0): ip = 0x7f331d7bce8a (0x9e8a), load module = /home/msasongko17/project/feather-project/openmpi_bin/lib/pmix/mca_ptl_usock.so | lip 
[22864, 0]: NULL (0): ip = 0x7f331d7bdb1f (0xab1f), load module = /home/msasongko17/project/feather-project/openmpi_bin/lib/pmix/mca_ptl_usock.so | lip 
[22864, 0]: NULL (0): ip = 0x7f331d7c2ac6 (0xfac6), load module = /home/msasongko17/project/feather-project/openmpi_bin/lib/pmix/mca_ptl_usock.so | lip 
[22864, 0]: NULL (0): ip = 0x7f331d7ca923 (0x17923), load module = /home/msasongko17/project/feather-project/openmpi_bin/lib/pmix/mca_ptl_usock.so | lip 
[22864, 0]: NULL (0): ip = 0x889b3c867d651600 (0x889b3c867d651600), load module = (null) | lip 
[22864, 0]: -- end backtrace ------------------------------------

[22864, 0]: -- begin new backtrace (innermost first) [PARTIAL] ----------
[22864, 0]: NULL (0): ip = 0x7f331d7bce8a (0x9e8a), load module = /home/msasongko17/project/feather-project/openmpi_bin/lib/pmix/mca_ptl_usock.so | lip 
[22864, 0]: NULL (0): ip = 0x7f331d7bdb1f (0xab1f), load module = /home/msasongko17/project/feather-project/openmpi_bin/lib/pmix/mca_ptl_usock.so | lip 
[22864, 0]: NULL (0): ip = 0x7f331d7c2ac6 (0xfac6), load module = /home/msasongko17/project/feather-project/openmpi_bin/lib/pmix/mca_ptl_usock.so | lip 
[22864, 0]: NULL (0): ip = 0x7f331d7ca923 (0x17923), load module = /home/msasongko17/project/feather-project/openmpi_bin/lib/pmix/mca_ptl_usock.so | lip 
[22864, 0]: NULL (0): ip = 0x889b3c867d651600 (0x889b3c867d651600), load module = (null) | lip 
[22864, 0]: -- end backtrace ------------------------------------

[22864, 0]: -- begin new backtrace (innermost first) [PARTIAL] ----------
[22864, 0]: NULL (0): ip = 0x7f331d7bce8a (0x9e8a), load module = /home/msasongko17/project/feather-project/openmpi_bin/lib/pmix/mca_ptl_usock.so | lip 
[22864, 0]: NULL (0): ip = 0x7f331d7bdb1f (0xab1f), load module = /home/msasongko17/project/feather-project/openmpi_bin/lib/pmix/mca_ptl_usock.so | lip 
[22864, 0]: NULL (0): ip = 0x7f331d7c2ac6 (0xfac6), load module = /home/msasongko17/project/feather-project/openmpi_bin/lib/pmix/mca_ptl_usock.so | lip 
[22864, 0]: NULL (0): ip = 0x7f331d7ca923 (0x17923), load module = /home/msasongko17/project/feather-project/openmpi_bin/lib/pmix/mca_ptl_usock.so | lip 
[22864, 0]: NULL (0): ip = 0x889b3c867d651600 (0x889b3c867d651600), load module = (null) | lip 
[22864, 0]: -- end backtrace ------------------------------------

[22864, 0]: -- begin new backtrace (innermost first) [PARTIAL] ----------
[22864, 0]: NULL (0): ip = 0x7f331d7bce8a (0x9e8a), load module = /home/msasongko17/project/feather-project/openmpi_bin/lib/pmix/mca_ptl_usock.so | lip 
[22864, 0]: NULL (0): ip = 0x7f331d7bdb1f (0xab1f), load module = /home/msasongko17/project/feather-project/openmpi_bin/lib/pmix/mca_ptl_usock.so | lip 
[22864, 0]: NULL (0): ip = 0x7f331d7c2ac6 (0xfac6), load module = /home/msasongko17/project/feather-project/openmpi_bin/lib/pmix/mca_ptl_usock.so | lip 
[22864, 0]: NULL (0): ip = 0x7f331d7ca923 (0x17923), load module = /home/msasongko17/project/feather-project/openmpi_bin/lib/pmix/mca_ptl_usock.so | lip 
[22864, 0]: NULL (0): ip = 0x889b3c867d651600 (0x889b3c867d651600), load module = (null) | lip 
[22864, 0]: -- end backtrace ------------------------------------

[22864, 0]: -- begin new backtrace (innermost first) [PARTIAL] ----------
[22864, 0]: NULL (0): ip = 0x7f331d7bce8a (0x9e8a), load module = /home/msasongko17/project/feather-project/openmpi_bin/lib/pmix/mca_ptl_usock.so | lip 
[22864, 0]: NULL (0): ip = 0x7f331d7bdb1f (0xab1f), load module = /home/msasongko17/project/feather-project/openmpi_bin/lib/pmix/mca_ptl_usock.so | lip 
[22864, 0]: NULL (0): ip = 0x7f331d7c2ac6 (0xfac6), load module = /home/msasongko17/project/feather-project/openmpi_bin/lib/pmix/mca_ptl_usock.so | lip 
[22864, 0]: NULL (0): ip = 0x7f331d7ca923 (0x17923), load module = /home/msasongko17/project/feather-project/openmpi_bin/lib/pmix/mca_ptl_usock.so | lip 
[22864, 0]: NULL (0): ip = 0x889b3c867d651600 (0x889b3c867d651600), load module = (null) | lip 
[22864, 0]: -- end backtrace ------------------------------------

[22864, 0]: -- begin new backtrace (innermost first) [PARTIAL] ----------
[22864, 0]: NULL (0): ip = 0x7f331d7bce8a (0x9e8a), load module = /home/msasongko17/project/feather-project/openmpi_bin/lib/pmix/mca_ptl_usock.so | lip 
[22864, 0]: NULL (0): ip = 0x7f331d7bdb1f (0xab1f), load module = /home/msasongko17/project/feather-project/openmpi_bin/lib/pmix/mca_ptl_usock.so | lip 
[22864, 0]: NULL (0): ip = 0x7f331d7c2ac6 (0xfac6), load module = /home/msasongko17/project/feather-project/openmpi_bin/lib/pmix/mca_ptl_usock.so | lip 
[22864, 0]: NULL (0): ip = 0x7f331d7ca923 (0x17923), load module = /home/msasongko17/project/feather-project/openmpi_bin/lib/pmix/mca_ptl_usock.so | lip 
[22864, 0]: NULL (0): ip = 0x889b3c867d651600 (0x889b3c867d651600), load module = (null) | lip 
[22864, 0]: -- end backtrace ------------------------------------

[22864, 0]: -- begin new backtrace (innermost first) [PARTIAL] ----------
[22864, 0]: NULL (0): ip = 0x7f331d7bce8a (0x9e8a), load module = /home/msasongko17/project/feather-project/openmpi_bin/lib/pmix/mca_ptl_usock.so | lip 
[22864, 0]: NULL (0): ip = 0x7f331d7bdb1f (0xab1f), load module = /home/msasongko17/project/feather-project/openmpi_bin/lib/pmix/mca_ptl_usock.so | lip 
[22864, 0]: NULL (0): ip = 0x7f331d7c2ac6 (0xfac6), load module = /home/msasongko17/project/feather-project/openmpi_bin/lib/pmix/mca_ptl_usock.so | lip 
[22864, 0]: NULL (0): ip = 0x7f331d7ca923 (0x17923), load module = /home/msasongko17/project/feather-project/openmpi_bin/lib/pmix/mca_ptl_usock.so | lip 
[22864, 0]: NULL (0): ip = 0x889b3c867d651600 (0x889b3c867d651600), load module = (null) | lip 
[22864, 0]: -- end backtrace ------------------------------------

[22864, 0]: -- begin new backtrace (innermost first) [PARTIAL] ----------
[22864, 0]: NULL (0): ip = 0x7f331d7bce8a (0x9e8a), load module = /home/msasongko17/project/feather-project/openmpi_bin/lib/pmix/mca_ptl_usock.so | lip 
[22864, 0]: NULL (0): ip = 0x7f331d7bdb1f (0xab1f), load module = /home/msasongko17/project/feather-project/openmpi_bin/lib/pmix/mca_ptl_usock.so | lip 
[22864, 0]: NULL (0): ip = 0x7f331d7c2ac6 (0xfac6), load module = /home/msasongko17/project/feather-project/openmpi_bin/lib/pmix/mca_ptl_usock.so | lip 
[22864, 0]: NULL (0): ip = 0x7f331d7ca923 (0x17923), load module = /home/msasongko17/project/feather-project/openmpi_bin/lib/pmix/mca_ptl_usock.so | lip 
[22864, 0]: NULL (0): ip = 0x889b3c867d651600 (0x889b3c867d651600), load module = (null) | lip 
[22864, 0]: -- end backtrace ------------------------------------

[22864, 0]: -- begin new backtrace (innermost first) [PARTIAL] ----------
[22864, 0]: NULL (0): ip = 0x7f331d7bce8a (0x9e8a), load module = /home/msasongko17/project/feather-project/openmpi_bin/lib/pmix/mca_ptl_usock.so | lip 
[22864, 0]: NULL (0): ip = 0x7f331d7bdb1f (0xab1f), load module = /home/msasongko17/project/feather-project/openmpi_bin/lib/pmix/mca_ptl_usock.so | lip 
[22864, 0]: NULL (0): ip = 0x7f331d7c2ac6 (0xfac6), load module = /home/msasongko17/project/feather-project/openmpi_bin/lib/pmix/mca_ptl_usock.so | lip 
[22864, 0]: NULL (0): ip = 0x7f331d7ca923 (0x17923), load module = /home/msasongko17/project/feather-project/openmpi_bin/lib/pmix/mca_ptl_usock.so | lip 
[22864, 0]: NULL (0): ip = 0x889b3c867d651600 (0x889b3c867d651600), load module = (null) | lip 
[22864, 0]: -- end backtrace ------------------------------------

[22864, 0]: -- begin new backtrace (innermost first) [PARTIAL] ----------
[22864, 0]: NULL (0): ip = 0x7f331d7bce8a (0x9e8a), load module = /home/msasongko17/project/feather-project/openmpi_bin/lib/pmix/mca_ptl_usock.so | lip 
[22864, 0]: NULL (0): ip = 0x7f331d7bdb1f (0xab1f), load module = /home/msasongko17/project/feather-project/openmpi_bin/lib/pmix/mca_ptl_usock.so | lip 
[22864, 0]: NULL (0): ip = 0x7f331d7c2ac6 (0xfac6), load module = /home/msasongko17/project/feather-project/openmpi_bin/lib/pmix/mca_ptl_usock.so | lip 
[22864, 0]: NULL (0): ip = 0x7f331d7ca923 (0x17923), load module = /home/msasongko17/project/feather-project/openmpi_bin/lib/pmix/mca_ptl_usock.so | lip 
[22864, 0]: NULL (0): ip = 0x889b3c867d651600 (0x889b3c867d651600), load module = (null) | lip 
[22864, 0]: -- end backtrace ------------------------------------

[22864, 0]: -- begin new backtrace (innermost first) [PARTIAL] ----------
[22864, 0]: NULL (0): ip = 0x7f331d7bce8a (0x9e8a), load module = /home/msasongko17/project/feather-project/openmpi_bin/lib/pmix/mca_ptl_usock.so | lip 
[22864, 0]: NULL (0): ip = 0x7f331d7bdb1f (0xab1f), load module = /home/msasongko17/project/feather-project/openmpi_bin/lib/pmix/mca_ptl_usock.so | lip 
[22864, 0]: NULL (0): ip = 0x7f331d7c2ac6 (0xfac6), load module = /home/msasongko17/project/feather-project/openmpi_bin/lib/pmix/mca_ptl_usock.so | lip 
[22864, 0]: NULL (0): ip = 0x7f331d7ca923 (0x17923), load module = /home/msasongko17/project/feather-project/openmpi_bin/lib/pmix/mca_ptl_usock.so | lip 
[22864, 0]: NULL (0): ip = 0x889b3c867d651600 (0x889b3c867d651600), load module = (null) | lip 
[22864, 0]: -- end backtrace ------------------------------------

[22864, 0]: -- begin new backtrace (innermost first) [PARTIAL] ----------
[22864, 0]: NULL (0): ip = 0x7f331d7bce8a (0x9e8a), load module = /home/msasongko17/project/feather-project/openmpi_bin/lib/pmix/mca_ptl_usock.so | lip 
[22864, 0]: NULL (0): ip = 0x7f331d7bdb1f (0xab1f), load module = /home/msasongko17/project/feather-project/openmpi_bin/lib/pmix/mca_ptl_usock.so | lip 
[22864, 0]: NULL (0): ip = 0x7f331d7c2ac6 (0xfac6), load module = /home/msasongko17/project/feather-project/openmpi_bin/lib/pmix/mca_ptl_usock.so | lip 
[22864, 0]: NULL (0): ip = 0x7f331d7ca923 (0x17923), load module = /home/msasongko17/project/feather-project/openmpi_bin/lib/pmix/mca_ptl_usock.so | lip 
[22864, 0]: NULL (0): ip = 0x889b3c867d651600 (0x889b3c867d651600), load module = (null) | lip 
[22864, 0]: -- end backtrace ------------------------------------

[22864, 0]: -- begin new backtrace (innermost first) [PARTIAL] ----------
[22864, 0]: NULL (0): ip = 0x7f331d7bce8a (0x9e8a), load module = /home/msasongko17/project/feather-project/openmpi_bin/lib/pmix/mca_ptl_usock.so | lip 
[22864, 0]: NULL (0): ip = 0x7f331d7bdb1f (0xab1f), load module = /home/msasongko17/project/feather-project/openmpi_bin/lib/pmix/mca_ptl_usock.so | lip 
[22864, 0]: NULL (0): ip = 0x7f331d7c2ac6 (0xfac6), load module = /home/msasongko17/project/feather-project/openmpi_bin/lib/pmix/mca_ptl_usock.so | lip 
[22864, 0]: NULL (0): ip = 0x7f331d7ca923 (0x17923), load module = /home/msasongko17/project/feather-project/openmpi_bin/lib/pmix/mca_ptl_usock.so | lip 
[22864, 0]: NULL (0): ip = 0x889b3c867d651600 (0x889b3c867d651600), load module = (null) | lip 
[22864, 0]: -- end backtrace ------------------------------------

[22864, 0]: -- begin new backtrace (innermost first) [PARTIAL] ----------
[22864, 0]: NULL (0): ip = 0x7f331d7bce8a (0x9e8a), load module = /home/msasongko17/project/feather-project/openmpi_bin/lib/pmix/mca_ptl_usock.so | lip 
[22864, 0]: NULL (0): ip = 0x7f331d7bdb1f (0xab1f), load module = /home/msasongko17/project/feather-project/openmpi_bin/lib/pmix/mca_ptl_usock.so | lip 
[22864, 0]: NULL (0): ip = 0x7f331d7c2ac6 (0xfac6), load module = /home/msasongko17/project/feather-project/openmpi_bin/lib/pmix/mca_ptl_usock.so | lip 
[22864, 0]: NULL (0): ip = 0x7f331d7ca923 (0x17923), load module = /home/msasongko17/project/feather-project/openmpi_bin/lib/pmix/mca_ptl_usock.so | lip 
[22864, 0]: NULL (0): ip = 0x889b3c867d651600 (0x889b3c867d651600), load module = (null) | lip 
[22864, 0]: -- end backtrace ------------------------------------

[22864, 0]: -- begin new backtrace (innermost first) [PARTIAL] ----------
[22864, 0]: NULL (0): ip = 0x7f331d7bce8a (0x9e8a), load module = /home/msasongko17/project/feather-project/openmpi_bin/lib/pmix/mca_ptl_usock.so | lip 
[22864, 0]: NULL (0): ip = 0x7f331d7bdb1f (0xab1f), load module = /home/msasongko17/project/feather-project/openmpi_bin/lib/pmix/mca_ptl_usock.so | lip 
[22864, 0]: NULL (0): ip = 0x7f331d7c2ac6 (0xfac6), load module = /home/msasongko17/project/feather-project/openmpi_bin/lib/pmix/mca_ptl_usock.so | lip 
[22864, 0]: NULL (0): ip = 0x7f331d7ca923 (0x17923), load module = /home/msasongko17/project/feather-project/openmpi_bin/lib/pmix/mca_ptl_usock.so | lip 
[22864, 0]: NULL (0): ip = 0x889b3c867d651600 (0x889b3c867d651600), load module = (null) | lip 
[22864, 0]: -- end backtrace ------------------------------------

[22864, 0]: -- begin new backtrace (innermost first) [PARTIAL] ----------
[22864, 0]: NULL (0): ip = 0x7f331d7bce8a (0x9e8a), load module = /home/msasongko17/project/feather-project/openmpi_bin/lib/pmix/mca_ptl_usock.so | lip 
[22864, 0]: NULL (0): ip = 0x7f331d7bdb1f (0xab1f), load module = /home/msasongko17/project/feather-project/openmpi_bin/lib/pmix/mca_ptl_usock.so | lip 
[22864, 0]: NULL (0): ip = 0x7f331d7c2ac6 (0xfac6), load module = /home/msasongko17/project/feather-project/openmpi_bin/lib/pmix/mca_ptl_usock.so | lip 
[22864, 0]: NULL (0): ip = 0x7f331d7ca923 (0x17923), load module = /home/msasongko17/project/feather-project/openmpi_bin/lib/pmix/mca_ptl_usock.so | lip 
[22864, 0]: NULL (0): ip = 0x889b3c867d651600 (0x889b3c867d651600), load module = (null) | lip 
[22864, 0]: -- end backtrace ------------------------------------

[22864, 0]: -- begin new backtrace (innermost first) [PARTIAL] ----------
[22864, 0]: NULL (0): ip = 0x7f331d7bcf5f (0x9f5f), load module = /home/msasongko17/project/feather-project/openmpi_bin/lib/pmix/mca_ptl_usock.so | lip 
[22864, 0]: NULL (0): ip = 0x7f331d7bdb1f (0xab1f), load module = /home/msasongko17/project/feather-project/openmpi_bin/lib/pmix/mca_ptl_usock.so | lip 
[22864, 0]: NULL (0): ip = 0x7f331d7c2ac6 (0xfac6), load module = /home/msasongko17/project/feather-project/openmpi_bin/lib/pmix/mca_ptl_usock.so | lip 
[22864, 0]: NULL (0): ip = 0x7f331d7ca923 (0x17923), load module = /home/msasongko17/project/feather-project/openmpi_bin/lib/pmix/mca_ptl_usock.so | lip 
[22864, 0]: NULL (0): ip = 0x889b3c867d651600 (0x889b3c867d651600), load module = (null) | lip 
[22864, 0]: -- end backtrace ------------------------------------

[22864, 0]: -- begin new backtrace (innermost first) [PARTIAL] ----------
[22864, 0]: NULL (0): ip = 0x7f331d7bcf5f (0x9f5f), load module = /home/msasongko17/project/feather-project/openmpi_bin/lib/pmix/mca_ptl_usock.so | lip 
[22864, 0]: NULL (0): ip = 0x7f331d7bdb1f (0xab1f), load module = /home/msasongko17/project/feather-project/openmpi_bin/lib/pmix/mca_ptl_usock.so | lip 
[22864, 0]: NULL (0): ip = 0x7f331d7c2ac6 (0xfac6), load module = /home/msasongko17/project/feather-project/openmpi_bin/lib/pmix/mca_ptl_usock.so | lip 
[22864, 0]: NULL (0): ip = 0x7f331d7ca923 (0x17923), load module = /home/msasongko17/project/feather-project/openmpi_bin/lib/pmix/mca_ptl_usock.so | lip 
[22864, 0]: NULL (0): ip = 0x889b3c867d651600 (0x889b3c867d651600), load module = (null) | lip 
[22864, 0]: -- end backtrace ------------------------------------

[22864, 0]: -- begin new backtrace (innermost first) [PARTIAL] ----------
[22864, 0]: NULL (0): ip = 0x7f331d7bcf8f (0x9f8f), load module = /home/msasongko17/project/feather-project/openmpi_bin/lib/pmix/mca_ptl_usock.so | lip 
[22864, 0]: NULL (0): ip = 0x7f331d7bdb1f (0xab1f), load module = /home/msasongko17/project/feather-project/openmpi_bin/lib/pmix/mca_ptl_usock.so | lip 
[22864, 0]: NULL (0): ip = 0x7f331d7c2ac6 (0xfac6), load module = /home/msasongko17/project/feather-project/openmpi_bin/lib/pmix/mca_ptl_usock.so | lip 
[22864, 0]: NULL (0): ip = 0x7f331d7ca923 (0x17923), load module = /home/msasongko17/project/feather-project/openmpi_bin/lib/pmix/mca_ptl_usock.so | lip 
[22864, 0]: NULL (0): ip = 0x7f331109eb20 (0x7f331109eb20), load module = (null) | lip 
[22864, 0]: -- end backtrace ------------------------------------

[22864, 0]: -- begin new backtrace (innermost first) [PARTIAL] ----------
[22864, 0]: NULL (0): ip = 0x7f331d7bda34 (0xaa34), load module = /home/msasongko17/project/feather-project/openmpi_bin/lib/pmix/mca_ptl_usock.so | lip 
[22864, 0]: NULL (0): ip = 0x7f331d7c2ac6 (0xfac6), load module = /home/msasongko17/project/feather-project/openmpi_bin/lib/pmix/mca_ptl_usock.so | lip 
[22864, 0]: NULL (0): ip = 0x7f331d7ca923 (0x17923), load module = /home/msasongko17/project/feather-project/openmpi_bin/lib/pmix/mca_ptl_usock.so | lip 
[22864, 0]: NULL (0): ip = 0x7f330c6c4f60 (0x7f330c6c4f60), load module = (null) | lip 
[22864, 0]: -- end backtrace ------------------------------------

MEMORY: segment size: 4.0 meg, num segments: 35, total allocation: 140.0 meg, reclaims: 0
MEMORY: total freeable: 0.0 meg, total non-freeable: 12.4 meg, malloc failures: 0
WATCHPOINT ANOMALIES: samples:4218582.00, SM_imprecise:188215.00, WP_Set:4030076.00, WP_triggered:109.00, WP_SampleTriggering:0.00, WP_ImpreciseIP:7.00, WP_InsaneIP:0.00, WP_Off8Addr:0.00, WP_ImpreciseAddr:0.00, WP_Dropped:1.00
WATCHPOINT STATS: writtenBytes:0, usedBytes:0, deadBytes:0, newBytes:0, oldBytes:0, oldAppxBytes:0, loadedBytes:0, accessedIns:1974241000000, falseWWIns:59, falseRWIns:0, falseWRIns:0, trueWWIns:9, trueRWIns:0, trueWRIns:0, RSS:17707152, reuse:0, latency:0
COMDETECTIVE STATS: fs_volume:179186516.58, fs_core_volume:179186516.58, ts_volume:9000000.00, ts_core_volume:9000000.00, as_volume:188186516.58, as_core_volume:188186516.58, cache_line_transfer:188186516.58, cache_line_transfer_millions:188.19, cache_line_transfer_gbytes:11.22
SAMPLE ANOMALIES: blocks: 209 (async: 186, dlopen: 23), errors: 34 (segv: 0, soft: 34)
SUMMARY: samples: 4218582 (recorded: 4218373, blocked: 209, errant: 34, trolled: 0, yielded: 0),
         frames: 13454926 (trolled: 0)
         intervals: 3450 (suspicious: 0)
